Using pre-set license
Built from '2020.3/release' branch; Version is '2020.3.2f1 (8fd9074bf66c) revision 9427207'; Using compiler version '192528614'; Build Type 'Release'
OS: 'Windows 10 Home; OS build 19042.985; Version 2009; 64bit' Language: 'en' Physical Memory: 8006 MB
BatchMode: 1, IsHumanControllingUs: 0, StartBugReporterOnCrash: 0, Is64bit: 1, IsPro: 0

 COMMAND LINE ARGUMENTS:
C:\Program Files\Unity\Hub\Editor\2020.3.2f1\Editor\Unity.exe
-adb2
-batchMode
-noUpm
-name
AssetImportWorker0
-projectPath
C:/Users/Xavier/Desktop/作業/美學/New Unity Project
-logFile
Logs/AssetImportWorker0.log
-srvPort
8236
Successfully changed project path to: C:/Users/Xavier/Desktop/作業/美學/New Unity Project
C:/Users/Xavier/Desktop/作業/美學/New Unity Project
Using Asset Import Pipeline V2.
Refreshing native plugins compatible for Editor in 21.97 ms, found 0 plugins.
Preloading 0 native plugins for Editor in 0.00 ms.
Initialize engine version: 2020.3.2f1 (8fd9074bf66c)
[Subsystems] Discovering subsystems at path C:/Program Files/Unity/Hub/Editor/2020.3.2f1/Editor/Data/Resources/UnitySubsystems
[Subsystems] Discovering subsystems at path C:/Users/Xavier/Desktop/作業/美學/New Unity Project/Assets
GfxDevice: creating device client; threaded=0
Direct3D:
    Version:  Direct3D 11.0 [level 11.1]
    Renderer: NVIDIA GeForce MX250 (ID=0x1d13)
    Vendor:   
    VRAM:     1983 MB
    Driver:   27.21.14.5763
Initialize mono
Mono path[0] = 'C:/Program Files/Unity/Hub/Editor/2020.3.2f1/Editor/Data/Managed'
Mono path[1] = 'C:/Program Files/Unity/Hub/Editor/2020.3.2f1/Editor/Data/MonoBleedingEdge/lib/mono/unityjit'
Mono config path = 'C:/Program Files/Unity/Hub/Editor/2020.3.2f1/Editor/Data/MonoBleedingEdge/etc'
Using monoOptions --debugger-agent=transport=dt_socket,embedding=1,server=y,suspend=n,address=127.0.0.1:56460
Begin MonoManager ReloadAssembly
Registering precompiled unity dll's ...
Register platform support module: C:/Program Files/Unity/Hub/Editor/2020.3.2f1/Editor/Data/PlaybackEngines/WindowsStandaloneSupport/UnityEditor.WindowsStandalone.Extensions.dll
Registered in 0.001873 seconds.
Native extension for WindowsStandalone target not found
Refreshing native plugins compatible for Editor in 21.38 ms, found 0 plugins.
Preloading 0 native plugins for Editor in 0.00 ms.
Invoked RoslynAnalysisRunner static constructor.
RoslynAnalysisRunner will not be running.
RoslynAnalysisRunner has terminated.
Mono: successfully reloaded assembly
- Completed reload, in  0.991 seconds
Platform modules already initialized, skipping
Registering precompiled user dll's ...
Registered in 0.000673 seconds.
Begin MonoManager ReloadAssembly
Native extension for WindowsStandalone target not found
Refreshing native plugins compatible for Editor in 0.25 ms, found 0 plugins.
Preloading 0 native plugins for Editor in 0.00 ms.
Invoked RoslynAnalysisRunner static constructor.
RoslynAnalysisRunner will not be running.
RoslynAnalysisRunner has terminated.
Mono: successfully reloaded assembly
- Completed reload, in  0.770 seconds
Platform modules already initialized, skipping
========================================================================
Worker process is ready to serve import requests
Launched and connected shader compiler UnityShaderCompiler.exe after 0.06 seconds
Refreshing native plugins compatible for Editor in 0.22 ms, found 0 plugins.
Preloading 0 native plugins for Editor in 0.00 ms.
Unloading 1132 Unused Serialized files (Serialized files now loaded: 0)
System memory in use before: 59.5 MB.
System memory in use after: 59.5 MB.

Unloading 10 unused Assets to reduce memory usage. Loaded Objects now: 1574.
Total: 2.372000 ms (FindLiveObjects: 0.193800 ms CreateObjectMapping: 0.048700 ms MarkObjects: 2.034400 ms  DeleteObjects: 0.094200 ms)

========================================================================
Received Import Request.
  path: Assets/TextMesh Pro/Resources/Fonts & Materials/LiberationSans SDF - Outline.mat
  artifactKey: Guid(79459efec17a4d00a321bdcc27bbc385) Importer(815301076,1909f56bfc062723c751e8b465ee728b)
Start importing Assets/TextMesh Pro/Resources/Fonts & Materials/LiberationSans SDF - Outline.mat using Guid(79459efec17a4d00a321bdcc27bbc385) Importer(815301076,1909f56bfc062723c751e8b465ee728b)  -> (artifact id: 'c269c21ac78df1e67178f1f5f025eb67') in 0.223090 seconds
  Import took 0.225443 seconds .

========================================================================
Received Import Request.
  Time since last request: 0.000553 seconds.
  path: Assets/TextMesh Pro/Resources/Fonts & Materials/LiberationSans SDF - Fallback.asset
  artifactKey: Guid(2e498d1c8094910479dc3e1b768306a4) Importer(815301076,1909f56bfc062723c751e8b465ee728b)
Start importing Assets/TextMesh Pro/Resources/Fonts & Materials/LiberationSans SDF - Fallback.asset using Guid(2e498d1c8094910479dc3e1b768306a4) Importer(815301076,1909f56bfc062723c751e8b465ee728b)  -> (artifact id: '6325ae9a70782a205d52cf1addc2954c') in 0.057082 seconds
  Import took 0.058960 seconds .

========================================================================
Received Import Request.
  Time since last request: 0.000327 seconds.
  path: Assets/TextMesh Pro/Resources/Fonts & Materials/LiberationSans SDF - Drop Shadow.mat
  artifactKey: Guid(e73a58f6e2794ae7b1b7e50b7fb811b0) Importer(815301076,1909f56bfc062723c751e8b465ee728b)
Start importing Assets/TextMesh Pro/Resources/Fonts & Materials/LiberationSans SDF - Drop Shadow.mat using Guid(e73a58f6e2794ae7b1b7e50b7fb811b0) Importer(815301076,1909f56bfc062723c751e8b465ee728b)  -> (artifact id: 'd7c9a6e63d9fa0062e755b0df8e71c27') in 0.097071 seconds
  Import took 0.098942 seconds .

========================================================================
Received Import Request.
  Time since last request: 0.000397 seconds.
  path: Assets/TextMesh Pro/Resources/Fonts & Materials/LiberationSans SDF.asset
  artifactKey: Guid(8f586378b4e144a9851e7b34d9b748ee) Importer(815301076,1909f56bfc062723c751e8b465ee728b)
Start importing Assets/TextMesh Pro/Resources/Fonts & Materials/LiberationSans SDF.asset using Guid(8f586378b4e144a9851e7b34d9b748ee) Importer(815301076,1909f56bfc062723c751e8b465ee728b)  -> (artifact id: '0993fc02711b3bbe6d995d41cc54c5cd') in 0.059321 seconds
  Import took 0.061319 seconds .

========================================================================
Received Import Request.
  Time since last request: 384.281041 seconds.
  path: Assets/gmanager.cs
  artifactKey: Guid(f61a74564a48e4347922579d01fd2435) Importer(815301076,1909f56bfc062723c751e8b465ee728b)
Start importing Assets/gmanager.cs using Guid(f61a74564a48e4347922579d01fd2435) Importer(815301076,1909f56bfc062723c751e8b465ee728b)  -> (artifact id: 'f3554c6e3666685682438f5bbf554537') in 0.066976 seconds
  Import took 0.070877 seconds .

========================================================================
Received Prepare
Registering precompiled user dll's ...
Registered in 0.000866 seconds.
Begin MonoManager ReloadAssembly
Native extension for WindowsStandalone target not found
Refreshing native plugins compatible for Editor in 0.19 ms, found 0 plugins.
Preloading 0 native plugins for Editor in 0.00 ms.
Invoked RoslynAnalysisRunner static constructor.
RoslynAnalysisRunner will not be running.
RoslynAnalysisRunner has terminated.
Mono: successfully reloaded assembly
- Completed reload, in  0.835 seconds
Platform modules already initialized, skipping
Refreshing native plugins compatible for Editor in 0.36 ms, found 0 plugins.
Preloading 0 native plugins for Editor in 0.00 ms.
Unloading 1113 Unused Serialized files (Serialized files now loaded: 0)
System memory in use before: 61.4 MB.
System memory in use after: 61.5 MB.

Unloading 5 unused Assets to reduce memory usage. Loaded Objects now: 1620.
Total: 2.295400 ms (FindLiveObjects: 0.370200 ms CreateObjectMapping: 0.066200 ms MarkObjects: 1.789900 ms  DeleteObjects: 0.066600 ms)

========================================================================
Received Import Request.
  Time since last request: 50.562230 seconds.
  path: Assets/gmanager.cs
  artifactKey: Guid(f61a74564a48e4347922579d01fd2435) Importer(815301076,1909f56bfc062723c751e8b465ee728b)
Start importing Assets/gmanager.cs using Guid(f61a74564a48e4347922579d01fd2435) Importer(815301076,1909f56bfc062723c751e8b465ee728b)  -> (artifact id: 'fb3621570b377b30cda54011a8ab6a51') in 0.007030 seconds
  Import took 0.011392 seconds .

========================================================================
Received Prepare
Registering precompiled user dll's ...
Registered in 0.000584 seconds.
Begin MonoManager ReloadAssembly
Native extension for WindowsStandalone target not found
Refreshing native plugins compatible for Editor in 0.22 ms, found 0 plugins.
Preloading 0 native plugins for Editor in 0.00 ms.
Invoked RoslynAnalysisRunner static constructor.
RoslynAnalysisRunner will not be running.
RoslynAnalysisRunner has terminated.
Mono: successfully reloaded assembly
- Completed reload, in  0.715 seconds
Platform modules already initialized, skipping
Refreshing native plugins compatible for Editor in 0.36 ms, found 0 plugins.
Preloading 0 native plugins for Editor in 0.00 ms.
Unloading 1113 Unused Serialized files (Serialized files now loaded: 0)
System memory in use before: 61.5 MB.
System memory in use after: 61.5 MB.

Unloading 5 unused Assets to reduce memory usage. Loaded Objects now: 1623.
Total: 3.421000 ms (FindLiveObjects: 0.237400 ms CreateObjectMapping: 0.043900 ms MarkObjects: 3.061400 ms  DeleteObjects: 0.076300 ms)

========================================================================
Received Import Request.
  Time since last request: 219.587071 seconds.
  path: Assets/gmanager.cs
  artifactKey: Guid(f61a74564a48e4347922579d01fd2435) Importer(815301076,1909f56bfc062723c751e8b465ee728b)
Start importing Assets/gmanager.cs using Guid(f61a74564a48e4347922579d01fd2435) Importer(815301076,1909f56bfc062723c751e8b465ee728b)  -> (artifact id: 'e84bd72b706f4949d7589370173872a5') in 0.003783 seconds
  Import took 0.006169 seconds .

========================================================================
Received Prepare
Registering precompiled user dll's ...
Registered in 0.001117 seconds.
Begin MonoManager ReloadAssembly
Native extension for WindowsStandalone target not found
Refreshing native plugins compatible for Editor in 0.43 ms, found 0 plugins.
Preloading 0 native plugins for Editor in 0.00 ms.
Invoked RoslynAnalysisRunner static constructor.
RoslynAnalysisRunner will not be running.
RoslynAnalysisRunner has terminated.
Mono: successfully reloaded assembly
- Completed reload, in  0.741 seconds
Platform modules already initialized, skipping
Refreshing native plugins compatible for Editor in 0.28 ms, found 0 plugins.
Preloading 0 native plugins for Editor in 0.00 ms.
Unloading 1113 Unused Serialized files (Serialized files now loaded: 0)
System memory in use before: 61.5 MB.
System memory in use after: 61.6 MB.

Unloading 5 unused Assets to reduce memory usage. Loaded Objects now: 1626.
Total: 2.365100 ms (FindLiveObjects: 0.334800 ms CreateObjectMapping: 0.075700 ms MarkObjects: 1.872100 ms  DeleteObjects: 0.080600 ms)

========================================================================
Received Import Request.
  Time since last request: 27.939032 seconds.
  path: Assets/gmanager.cs
  artifactKey: Guid(f61a74564a48e4347922579d01fd2435) Importer(815301076,1909f56bfc062723c751e8b465ee728b)
Start importing Assets/gmanager.cs using Guid(f61a74564a48e4347922579d01fd2435) Importer(815301076,1909f56bfc062723c751e8b465ee728b)  -> (artifact id: 'dfed735bb7a44db2a4c99da54e1b70d7') in 0.005447 seconds
  Import took 0.008611 seconds .

========================================================================
Received Import Request.
  Time since last request: 1000.489235 seconds.
  path: Assets/target.cs
  artifactKey: Guid(799030c9a5b520d4590896685f5344d0) Importer(815301076,1909f56bfc062723c751e8b465ee728b)
Start importing Assets/target.cs using Guid(799030c9a5b520d4590896685f5344d0) Importer(815301076,1909f56bfc062723c751e8b465ee728b)  -> (artifact id: '36da3e4f14f48ebbbd6fd3ee2dda7ec1') in 0.003149 seconds
  Import took 0.006137 seconds .

AssetImportWorkerClient::OnTransportError - code=2 error=End of file
